<?xml version="1.0" encoding="UTF-8"?>
<!-- Generated by org.testng.reporters.JUnitReportReporter -->
<testsuite hostname="DESKTOP-MEAOL4U" failures="0" tests="2" name="package_2.orgTest$Org" time="0.009" errors="0" timestamp="2024-07-30T17:28:16 IST" skipped="0">
  <testcase classname="package_2.orgTest$Org" name="modifyorgtest" time="0.001"/>
  <testcase classname="package_2.orgTest$Org" name="createorgtest" time="0.008"/>
</testsuite> <!-- package_2.orgTest$Org -->
