<?xml version="1.0" encoding="UTF-8"?>
<!-- Generated by org.testng.reporters.JUnitReportReporter -->
<testsuite hostname="DESKTOP-MEAOL4U" failures="0" tests="3" name="package_1.ContactTest" time="0.012" errors="0" timestamp="2024-07-30T17:27:42 IST" skipped="0">
  <testcase classname="package_1.ContactTest" name="deletecontatatest" time="0.002"/>
  <testcase classname="package_1.ContactTest" name="modifycontatatest" time="0.001"/>
  <testcase classname="package_1.ContactTest" name="createcontacttest" time="0.009"/>
</testsuite> <!-- package_1.ContactTest -->
